2026-05-16 11:12:09,271 [INFO] Notification: [Miner Test] Notifications are working!
2026-05-16 11:12:09,308 [INFO] Copied to clipboard: Test from miner-v2
2026-05-16 11:12:09,797 [INFO] Tesseract pre-warmed (eng)
2026-05-16 11:12:53,777 [INFO] Mining: zh->en
2026-05-16 11:12:53,777 [INFO] Select text region...
2026-05-16 11:12:53,784 [INFO] Notification: [Mining] Select text region...
2026-05-16 11:12:55,422 [INFO] Captured region: 1204,373 422x51
2026-05-16 11:12:55,422 [INFO] OCRing region: 1204,373 422x51
2026-05-16 11:12:55,922 [INFO] Tesseract pre-warmed (chi_sim)
2026-05-16 11:12:56,423 [INFO] OCR result: E 招 国 E E
2026-05-16 11:12:57,675 [INFO] Translation: E Zhao Guo E E
2026-05-16 11:12:57,861 [INFO] Notification: [Sentence Captured] Text: E 招 国 E E
Pinyin: E 招 国 E E (E  zhao1   guo2  E E)
Translation: E Zhao Guo
2026-05-16 11:12:57,899 [INFO] Copied to clipboard: E 招 国 E E
2026-05-16 11:12:57,899 [INFO] Recording 5s audio...
2026-05-16 11:12:57,907 [INFO] Notification: [Mining] Recording 5s audio...
2026-05-16 11:12:57,920 [INFO] Recording audio from: alsa_output.pci-0000_01_00.1.hdmi-stereo.monitor
2026-05-16 11:13:03,284 [INFO] Audio recording: success
2026-05-16 11:13:03,292 [INFO] Notification: [Sentence Mined] Text: E 招 国 E E
Translation: E Zhao Guo E E
Audio: Yes
Saved: 20260516_111253
2026-05-16 11:13:03,292 [INFO] Mining complete: /home/mastroni/miner-v2/mining/20260516_111253
2026-05-16 11:13:18,263 [INFO] Mining: zh->en
2026-05-16 11:13:18,263 [INFO] Select text region...
2026-05-16 11:13:18,269 [INFO] Notification: [Mining] Select text region...
2026-05-16 11:13:19,201 [INFO] Captured region: 1206,503 83x28
2026-05-16 11:13:19,201 [INFO] OCRing region: 1206,503 83x28
2026-05-16 11:13:19,724 [INFO] Tesseract pre-warmed (chi_sim)
2026-05-16 11:13:20,261 [INFO] OCR result: E 招
2026-05-16 11:13:21,635 [INFO] Translation: E move
2026-05-16 11:13:21,845 [INFO] Notification: [Sentence Captured] Text: E 招
Pinyin: E 招 (E  zhao1)
Translation: E move
2026-05-16 11:13:21,885 [INFO] Copied to clipboard: E 招
2026-05-16 11:13:21,885 [INFO] Recording 5s audio...
2026-05-16 11:13:21,896 [INFO] Notification: [Mining] Recording 5s audio...
2026-05-16 11:13:21,906 [INFO] Recording audio from: alsa_output.pci-0000_01_00.1.hdmi-stereo.monitor
2026-05-16 11:13:27,162 [INFO] Audio recording: success
2026-05-16 11:13:27,173 [INFO] Notification: [Sentence Mined] Text: E 招
Translation: E move
Audio: Yes
Saved: 20260516_111318
2026-05-16 11:13:27,174 [INFO] Mining complete: /home/mastroni/miner-v2/mining/20260516_111318
2026-05-16 11:14:14,021 [INFO] Tesseract pre-warmed (chi_sim)
2026-05-16 11:15:20,682 [INFO] Tesseract pre-warmed (chi_sim)
2026-05-16 11:15:22,831 [INFO] Copied to clipboard: 团 “ 画 “ 响
E 合 成 成 就 E
倩 煌 恩 曲
万 物 图 鉴 地 图 背 包 E
出 
2026-05-16 11:15:25,943 [INFO] Copied to clipboard: 团 “ 画 “ 响
E 合 成 成 就 E
倩 煌 恩 曲
万 物 图 鉴 地 图 背 包 E
出 
2026-05-16 11:15:28,977 [INFO] Copied to clipboard: 团 “ 画 “ 响
E 合 成 成 就 E
倩 煌 恩 曲
万 物 图 鉴 地 图 背 包 E
出 
2026-05-16 11:15:32,011 [INFO] Copied to clipboard: 团 “ 画 “ 响
E 合 成 成 就 E
倩 煌 恩 曲
万 物 图 鉴 地 图 背 包 E
出 
2026-05-16 11:15:35,001 [INFO] Copied to clipboard: 团 “ 画 “ 响
E 合 成 成 就 E
倩 煌 恩 曲
万 物 图 鉴 地 图 背 包 E
出 
2026-05-16 11:15:38,008 [INFO] Copied to clipboard: 团 “ 画 “ 响
E 合 成 成 就 E
倩 煌 恩 曲
万 物 图 鉴 地 图 背 包 E
出 
2026-05-16 11:15:41,001 [INFO] Copied to clipboard: 团 “ 画 “ 响
E 合 成 成 就 E
倩 煌 恩 曲
万 物 图 鉴 地 图 背 包 E
出 
2026-05-16 11:15:41,013 [INFO] Recording audio from: alsa_output.pci-0000_01_00.1.hdmi-stereo.monitor
2026-05-16 11:15:43,965 [INFO] Copied to clipboard: 团 “ 画 “ 响
E 合 成 成 就 E
倩 煌 恩 曲
万 物 图 鉴 地 图 背 包 E
出 
2026-05-16 11:15:46,264 [INFO] Audio recording: success
2026-05-16 11:15:46,319 [INFO] Copied to clipboard: 团 “ 画 “ 响
E 合 成 成 就 E
倩 煌 恩 曲
万 物 图 鉴 地 图 背 包 E
出 
2026-05-16 11:15:46,332 [INFO] Notification: [Sentence Mined] Text: 团 “ 画 “ 响
E 合 成 成 就 E
倩 煌 恩 曲
万 物 图 鉴 地 图 背 包 E
出 创 盯 园
卵 箱 
Translation: 
2026-05-16 11:15:47,322 [INFO] Copied to clipboard: 团 “ 画 “ 响
E 合 成 成 就 E
倩 煌 恩 曲
万 物 图 鉴 地 图 背 包 E
出 
2026-05-16 11:15:51,352 [INFO] Copied to clipboard: 园 “ 里 “ 响
共 鸣 者 合 成 成 就 E
自 “ 焦 “ 国 。 画
万 物 国 銮 地 
2026-05-16 11:15:54,381 [INFO] Copied to clipboard: 团 “ 画 “ 响
E 合 成 成 就 E
倩 煌 恩 曲
万 物 图 鉴 地 图 背 包 E
出 
2026-05-16 11:19:10,250 [INFO] Mining: zh->en
2026-05-16 11:19:10,250 [INFO] Select text region...
2026-05-16 11:19:10,256 [INFO] Notification: [Mining] Select text region...
2026-05-16 11:19:11,643 [INFO] Captured region: 1515,283 404x64
2026-05-16 11:19:11,644 [INFO] OCRing region: 1515,283 404x64
2026-05-16 11:19:12,171 [INFO] Tesseract pre-warmed (chi_sim)
2026-05-16 11:19:12,732 [INFO] OCR result: 共 鸣 者 合 成 成 就
2026-05-16 11:19:14,103 [INFO] Translation: Resonators synthesize achievements
2026-05-16 11:19:14,304 [INFO] Notification: [Sentence Captured] Text: 共 鸣 者 合 成 成 就
Pinyin: 共 鸣 者 合 成 成 就 (gong4   ming2   zhe3   he2   cheng2  
2026-05-16 11:19:14,352 [INFO] Copied to clipboard: 共 鸣 者 合 成 成 就
2026-05-16 11:19:14,353 [INFO] Recording 5s audio...
2026-05-16 11:19:14,361 [INFO] Notification: [Mining] Recording 5s audio...
2026-05-16 11:19:14,371 [INFO] Recording audio from: alsa_output.pci-0000_01_00.1.hdmi-stereo.monitor
2026-05-16 11:19:19,657 [INFO] Audio recording: success
2026-05-16 11:19:19,665 [INFO] Notification: [Sentence Mined] Text: 共 鸣 者 合 成 成 就
Translation: Resonators synthesize achievements
Audio: Yes
S
2026-05-16 11:19:19,666 [INFO] Mining complete: /home/mastroni/miner-v2/mining/20260516_111910
2026-05-16 11:20:17,068 [INFO] Mining: zh->en
2026-05-16 11:20:17,068 [INFO] Select text region...
2026-05-16 11:20:17,076 [INFO] Notification: [Mining] Select text region...
2026-05-16 11:20:18,350 [INFO] Captured region: 1130,657 613x61
2026-05-16 11:20:18,350 [INFO] OCRing region: 1130,657 613x61
2026-05-16 11:20:18,846 [INFO] Tesseract pre-warmed (chi_sim)
2026-05-16 11:20:19,459 [INFO] OCR result: 邸 箱 绑 定 任 务 教 程 百 科 攻 陷 站
2026-05-16 11:20:20,428 [INFO] Translation: Di Box Binding Task Tutorial Encyclopedia Capture Station
2026-05-16 11:20:20,622 [INFO] Notification: [Sentence Captured] Text: 邸 箱 绑 定 任 务 教 程 百 科 攻 陷 站
Pinyin: 邸 箱 绑 定 任 务 教 程 百 科 攻 陷 站 (di3   xiang1 
2026-05-16 11:20:20,672 [INFO] Copied to clipboard: 邸 箱 绑 定 任 务 教 程 百 科 攻 陷 站
2026-05-16 11:20:20,672 [INFO] Recording 5s audio...
2026-05-16 11:20:20,685 [INFO] Notification: [Mining] Recording 5s audio...
2026-05-16 11:20:20,697 [INFO] Recording audio from: alsa_output.pci-0000_01_00.1.hdmi-stereo.monitor
2026-05-16 11:20:26,019 [INFO] Audio recording: success
2026-05-16 11:20:26,029 [INFO] Notification: [Sentence Mined] Text: 邸 箱 绑 定 任 务 教 程 百 科 攻 陷 站
Translation: Di Box Binding Task Tutorial Encycl
2026-05-16 11:20:26,029 [INFO] Mining complete: /home/mastroni/miner-v2/mining/20260516_112017
2026-05-16 11:21:04,031 [INFO] Tesseract pre-warmed (chi_sim)
2026-05-16 11:22:13,702 [INFO] Mining: zh->en
2026-05-16 11:22:13,702 [INFO] Select text region...
2026-05-16 11:22:13,708 [INFO] Notification: [Mining] Select text region...
2026-05-16 11:22:15,474 [INFO] Captured region: 1015,455 35x37
2026-05-16 11:22:15,474 [INFO] OCRing region: 1015,455 35x37
2026-05-16 11:22:15,984 [INFO] Tesseract pre-warmed (chi_sim)
2026-05-16 11:22:16,490 [INFO] Notification: [Mining] No text detected
2026-05-16 11:22:16,740 [INFO] Mining: zh->en
2026-05-16 11:22:16,740 [INFO] Select text region...
2026-05-16 11:22:16,747 [INFO] Notification: [Mining] Select text region...
2026-05-16 11:22:17,877 [INFO] Captured region: 1030,473 150x43
2026-05-16 11:22:17,878 [INFO] OCRing region: 1030,473 150x43
2026-05-16 11:22:18,424 [INFO] Tesseract pre-warmed (chi_sim)
2026-05-16 11:22:18,972 [INFO] OCR result: 点 击 以 编 辐 签 吊
2026-05-16 11:22:20,397 [INFO] Translation: Click to edit the spokes
2026-05-16 11:22:20,570 [INFO] Notification: [Sentence Captured] Text: 点 击 以 编 辐 签 吊
Pinyin: 点 击 以 编 辐 签 吊 (dian3   ji1   yi3   bian1   fu2   qia
2026-05-16 11:22:20,611 [INFO] Copied to clipboard: 点 击 以 编 辐 签 吊
2026-05-16 11:22:20,611 [INFO] Recording 5s audio...
2026-05-16 11:22:20,618 [INFO] Notification: [Mining] Recording 5s audio...
2026-05-16 11:22:20,627 [INFO] Recording audio from: alsa_output.pci-0000_01_00.1.hdmi-stereo.monitor
2026-05-16 11:22:25,890 [INFO] Audio recording: success
2026-05-16 11:22:25,902 [INFO] Notification: [Sentence Mined] Text: 点 击 以 编 辐 签 吊
Translation: Click to edit the spokes
Audio: Yes
Saved: 2026
2026-05-16 11:22:25,902 [INFO] Mining complete: /home/mastroni/miner-v2/mining/20260516_112216
2026-05-16 11:22:39,857 [INFO] Mining: zh->en
2026-05-16 11:22:39,857 [INFO] Select text region...
2026-05-16 11:22:39,864 [INFO] Notification: [Mining] Select text region...
2026-05-16 11:22:42,099 [INFO] Captured region: 1246,541 334x28
2026-05-16 11:22:42,099 [INFO] OCRing region: 1246,541 334x28
2026-05-16 11:22:42,598 [INFO] Tesseract pre-warmed (chi_sim)
2026-05-16 11:22:43,111 [INFO] OCR result: \ 编 辑 文 孙 内 容 请 遇 宇 当 地 法 律 法 规
2026-05-16 11:22:44,339 [INFO] Translation: \ Editorial content Please check local laws and regulations
2026-05-16 11:22:44,524 [INFO] Notification: [Sentence Captured] Text: \ 编 辑 文 孙 内 容 请 遇 宇 当 地 法 律 法 规
Pinyin: \ 编 辑 文 孙 内 容 请 遇 宇 当 地 法 律 法 规 (\
2026-05-16 11:22:44,559 [INFO] Copied to clipboard: \ 编 辑 文 孙 内 容 请 遇 宇 当 地 法 律 法 规
2026-05-16 11:22:44,559 [INFO] Recording 5s audio...
2026-05-16 11:22:44,567 [INFO] Notification: [Mining] Recording 5s audio...
2026-05-16 11:22:44,575 [INFO] Recording audio from: alsa_output.pci-0000_01_00.1.hdmi-stereo.monitor
2026-05-16 11:22:49,242 [INFO] Notification: [Miner Test] Notifications are working!
2026-05-16 11:22:49,279 [INFO] Copied to clipboard: Test from miner-v2
2026-05-16 11:22:49,763 [INFO] Tesseract pre-warmed (eng)
2026-05-16 11:22:49,816 [INFO] Audio recording: success
2026-05-16 11:22:49,825 [INFO] Notification: [Sentence Mined] Text: \ 编 辑 文 孙 内 容 请 遇 宇 当 地 法 律 法 规
Translation: \ Editorial content Please ch
2026-05-16 11:22:49,825 [INFO] Mining complete: /home/mastroni/miner-v2/mining/20260516_112239
2026-05-16 11:25:13,324 [INFO] Mining: zh->en
2026-05-16 11:25:13,324 [INFO] Select text region...
2026-05-16 11:25:13,331 [INFO] Notification: [Mining] Select text region...
2026-05-16 11:25:14,690 [INFO] Captured region: 1217,227 641x503
2026-05-16 11:25:14,690 [INFO] OCRing region: 1217,227 641x503
2026-05-16 11:25:15,214 [INFO] Tesseract pre-warmed (chi_sim)
2026-05-16 11:25:15,985 [INFO] OCR result: 园 。 更 。 哟
共 鸣 者 合 成 成 就 E

自 “ 然 。 国 。 西
万 物 图 銮 地 图 背 包 反 馈
2026-05-16 11:25:17,594 [INFO] Translation: garden. Even . Yo
Sympathizer Synthesis Achievement E

Since
2026-05-16 11:25:17,793 [INFO] Notification: [Sentence Captured] Text: 园 。 更 。 哟
共 鸣 者 合 成 成 就 E

自 “ 然 。 国 。 西
万 物 图 銮 地 图 背 包 反 馈

出 创 团 略
卵 箱 
2026-05-16 11:25:17,838 [INFO] Copied to clipboard: 园 。 更 。 哟
共 鸣 者 合 成 成 就 E

自 “ 然 。 国 。 西
万 物 图 銮 地
2026-05-16 11:25:17,838 [INFO] Recording 5s audio...
2026-05-16 11:25:17,851 [INFO] Notification: [Mining] Recording 5s audio...
2026-05-16 11:25:17,860 [INFO] Recording audio from: alsa_output.pci-0000_01_00.1.hdmi-stereo.monitor
2026-05-16 11:25:23,120 [INFO] Audio recording: success
2026-05-16 11:25:23,129 [INFO] Notification: [Sentence Mined] Text: 园 。 更 。 哟
共 鸣 者 合 成 成 就 E

自 “ 然 。 国 。 西
万 物 图 銮 地 图 背 包 反 馈
Translation: 
2026-05-16 11:25:23,129 [INFO] Mining complete: /home/mastroni/miner-v2/mining/20260516_112513
2026-05-16 11:27:15,459 [WARNING] Tesseract pre-warm failed: (1, 'Error opening data file /usr/share/tessdata/jpn.traineddata Please make sure the TESSDATA_PREFIX environment variable is set to your "tessdata" directory. Failed loading language \'jpn\' Tesseract couldn\'t load any languages! Could not initialize tesseract.')
2026-05-16 11:27:15,500 [ERROR] OCR failed: (1, 'Error opening data file /usr/share/tessdata/jpn.traineddata Please make sure the TESSDATA_PREFIX environment variable is set to your "tessdata" directory. Failed loading language \'jpn\' Tesseract couldn\'t load any languages! Could not initialize tesseract.')
2026-05-16 11:27:17,570 [WARNING] Tesseract pre-warm failed: (1, 'Error opening data file /usr/share/tessdata/jpn.traineddata Please make sure the TESSDATA_PREFIX environment variable is set to your "tessdata" directory. Failed loading language \'jpn\' Tesseract couldn\'t load any languages! Could not initialize tesseract.')
2026-05-16 11:27:17,606 [ERROR] OCR failed: (1, 'Error opening data file /usr/share/tessdata/jpn.traineddata Please make sure the TESSDATA_PREFIX environment variable is set to your "tessdata" directory. Failed loading language \'jpn\' Tesseract couldn\'t load any languages! Could not initialize tesseract.')
2026-05-16 11:27:19,680 [WARNING] Tesseract pre-warm failed: (1, 'Error opening data file /usr/share/tessdata/jpn.traineddata Please make sure the TESSDATA_PREFIX environment variable is set to your "tessdata" directory. Failed loading language \'jpn\' Tesseract couldn\'t load any languages! Could not initialize tesseract.')
2026-05-16 11:27:19,715 [ERROR] OCR failed: (1, 'Error opening data file /usr/share/tessdata/jpn.traineddata Please make sure the TESSDATA_PREFIX environment variable is set to your "tessdata" directory. Failed loading language \'jpn\' Tesseract couldn\'t load any languages! Could not initialize tesseract.')
2026-05-16 11:27:21,806 [WARNING] Tesseract pre-warm failed: (1, 'Error opening data file /usr/share/tessdata/jpn.traineddata Please make sure the TESSDATA_PREFIX environment variable is set to your "tessdata" directory. Failed loading language \'jpn\' Tesseract couldn\'t load any languages! Could not initialize tesseract.')
2026-05-16 11:27:21,850 [ERROR] OCR failed: (1, 'Error opening data file /usr/share/tessdata/jpn.traineddata Please make sure the TESSDATA_PREFIX environment variable is set to your "tessdata" directory. Failed loading language \'jpn\' Tesseract couldn\'t load any languages! Could not initialize tesseract.')
2026-05-16 11:27:23,960 [WARNING] Tesseract pre-warm failed: (1, 'Error opening data file /usr/share/tessdata/jpn.traineddata Please make sure the TESSDATA_PREFIX environment variable is set to your "tessdata" directory. Failed loading language \'jpn\' Tesseract couldn\'t load any languages! Could not initialize tesseract.')
2026-05-16 11:27:23,997 [ERROR] OCR failed: (1, 'Error opening data file /usr/share/tessdata/jpn.traineddata Please make sure the TESSDATA_PREFIX environment variable is set to your "tessdata" directory. Failed loading language \'jpn\' Tesseract couldn\'t load any languages! Could not initialize tesseract.')
2026-05-16 11:27:26,084 [WARNING] Tesseract pre-warm failed: (1, 'Error opening data file /usr/share/tessdata/jpn.traineddata Please make sure the TESSDATA_PREFIX environment variable is set to your "tessdata" directory. Failed loading language \'jpn\' Tesseract couldn\'t load any languages! Could not initialize tesseract.')
2026-05-16 11:27:26,121 [ERROR] OCR failed: (1, 'Error opening data file /usr/share/tessdata/jpn.traineddata Please make sure the TESSDATA_PREFIX environment variable is set to your "tessdata" directory. Failed loading language \'jpn\' Tesseract couldn\'t load any languages! Could not initialize tesseract.')
2026-05-16 11:27:28,221 [WARNING] Tesseract pre-warm failed: (1, 'Error opening data file /usr/share/tessdata/jpn.traineddata Please make sure the TESSDATA_PREFIX environment variable is set to your "tessdata" directory. Failed loading language \'jpn\' Tesseract couldn\'t load any languages! Could not initialize tesseract.')
2026-05-16 11:27:28,278 [ERROR] OCR failed: (1, 'Error opening data file /usr/share/tessdata/jpn.traineddata Please make sure the TESSDATA_PREFIX environment variable is set to your "tessdata" directory. Failed loading language \'jpn\' Tesseract couldn\'t load any languages! Could not initialize tesseract.')
2026-05-16 11:27:30,355 [WARNING] Tesseract pre-warm failed: (1, 'Error opening data file /usr/share/tessdata/jpn.traineddata Please make sure the TESSDATA_PREFIX environment variable is set to your "tessdata" directory. Failed loading language \'jpn\' Tesseract couldn\'t load any languages! Could not initialize tesseract.')
2026-05-16 11:27:30,394 [ERROR] OCR failed: (1, 'Error opening data file /usr/share/tessdata/jpn.traineddata Please make sure the TESSDATA_PREFIX environment variable is set to your "tessdata" directory. Failed loading language \'jpn\' Tesseract couldn\'t load any languages! Could not initialize tesseract.')
2026-05-16 11:27:32,472 [WARNING] Tesseract pre-warm failed: (1, 'Error opening data file /usr/share/tessdata/jpn.traineddata Please make sure the TESSDATA_PREFIX environment variable is set to your "tessdata" directory. Failed loading language \'jpn\' Tesseract couldn\'t load any languages! Could not initialize tesseract.')
2026-05-16 11:27:32,507 [ERROR] OCR failed: (1, 'Error opening data file /usr/share/tessdata/jpn.traineddata Please make sure the TESSDATA_PREFIX environment variable is set to your "tessdata" directory. Failed loading language \'jpn\' Tesseract couldn\'t load any languages! Could not initialize tesseract.')
2026-05-16 11:27:34,590 [WARNING] Tesseract pre-warm failed: (1, 'Error opening data file /usr/share/tessdata/jpn.traineddata Please make sure the TESSDATA_PREFIX environment variable is set to your "tessdata" directory. Failed loading language \'jpn\' Tesseract couldn\'t load any languages! Could not initialize tesseract.')
2026-05-16 11:27:34,626 [ERROR] OCR failed: (1, 'Error opening data file /usr/share/tessdata/jpn.traineddata Please make sure the TESSDATA_PREFIX environment variable is set to your "tessdata" directory. Failed loading language \'jpn\' Tesseract couldn\'t load any languages! Could not initialize tesseract.')
2026-05-16 11:27:36,701 [WARNING] Tesseract pre-warm failed: (1, 'Error opening data file /usr/share/tessdata/jpn.traineddata Please make sure the TESSDATA_PREFIX environment variable is set to your "tessdata" directory. Failed loading language \'jpn\' Tesseract couldn\'t load any languages! Could not initialize tesseract.')
2026-05-16 11:27:36,746 [ERROR] OCR failed: (1, 'Error opening data file /usr/share/tessdata/jpn.traineddata Please make sure the TESSDATA_PREFIX environment variable is set to your "tessdata" directory. Failed loading language \'jpn\' Tesseract couldn\'t load any languages! Could not initialize tesseract.')
2026-05-16 11:27:38,817 [WARNING] Tesseract pre-warm failed: (1, 'Error opening data file /usr/share/tessdata/jpn.traineddata Please make sure the TESSDATA_PREFIX environment variable is set to your "tessdata" directory. Failed loading language \'jpn\' Tesseract couldn\'t load any languages! Could not initialize tesseract.')
2026-05-16 11:27:38,852 [ERROR] OCR failed: (1, 'Error opening data file /usr/share/tessdata/jpn.traineddata Please make sure the TESSDATA_PREFIX environment variable is set to your "tessdata" directory. Failed loading language \'jpn\' Tesseract couldn\'t load any languages! Could not initialize tesseract.')
2026-05-16 11:27:40,927 [WARNING] Tesseract pre-warm failed: (1, 'Error opening data file /usr/share/tessdata/jpn.traineddata Please make sure the TESSDATA_PREFIX environment variable is set to your "tessdata" directory. Failed loading language \'jpn\' Tesseract couldn\'t load any languages! Could not initialize tesseract.')
2026-05-16 11:27:40,981 [ERROR] OCR failed: (1, 'Error opening data file /usr/share/tessdata/jpn.traineddata Please make sure the TESSDATA_PREFIX environment variable is set to your "tessdata" directory. Failed loading language \'jpn\' Tesseract couldn\'t load any languages! Could not initialize tesseract.')
2026-05-16 11:27:43,063 [WARNING] Tesseract pre-warm failed: (1, 'Error opening data file /usr/share/tessdata/jpn.traineddata Please make sure the TESSDATA_PREFIX environment variable is set to your "tessdata" directory. Failed loading language \'jpn\' Tesseract couldn\'t load any languages! Could not initialize tesseract.')
2026-05-16 11:27:43,096 [ERROR] OCR failed: (1, 'Error opening data file /usr/share/tessdata/jpn.traineddata Please make sure the TESSDATA_PREFIX environment variable is set to your "tessdata" directory. Failed loading language \'jpn\' Tesseract couldn\'t load any languages! Could not initialize tesseract.')
2026-05-16 11:27:45,170 [WARNING] Tesseract pre-warm failed: (1, 'Error opening data file /usr/share/tessdata/jpn.traineddata Please make sure the TESSDATA_PREFIX environment variable is set to your "tessdata" directory. Failed loading language \'jpn\' Tesseract couldn\'t load any languages! Could not initialize tesseract.')
2026-05-16 11:27:45,204 [ERROR] OCR failed: (1, 'Error opening data file /usr/share/tessdata/jpn.traineddata Please make sure the TESSDATA_PREFIX environment variable is set to your "tessdata" directory. Failed loading language \'jpn\' Tesseract couldn\'t load any languages! Could not initialize tesseract.')
2026-05-16 11:27:47,276 [WARNING] Tesseract pre-warm failed: (1, 'Error opening data file /usr/share/tessdata/jpn.traineddata Please make sure the TESSDATA_PREFIX environment variable is set to your "tessdata" directory. Failed loading language \'jpn\' Tesseract couldn\'t load any languages! Could not initialize tesseract.')
2026-05-16 11:27:47,312 [ERROR] OCR failed: (1, 'Error opening data file /usr/share/tessdata/jpn.traineddata Please make sure the TESSDATA_PREFIX environment variable is set to your "tessdata" directory. Failed loading language \'jpn\' Tesseract couldn\'t load any languages! Could not initialize tesseract.')
2026-05-16 11:27:49,391 [WARNING] Tesseract pre-warm failed: (1, 'Error opening data file /usr/share/tessdata/jpn.traineddata Please make sure the TESSDATA_PREFIX environment variable is set to your "tessdata" directory. Failed loading language \'jpn\' Tesseract couldn\'t load any languages! Could not initialize tesseract.')
2026-05-16 11:27:49,429 [ERROR] OCR failed: (1, 'Error opening data file /usr/share/tessdata/jpn.traineddata Please make sure the TESSDATA_PREFIX environment variable is set to your "tessdata" directory. Failed loading language \'jpn\' Tesseract couldn\'t load any languages! Could not initialize tesseract.')
2026-05-16 11:27:51,507 [WARNING] Tesseract pre-warm failed: (1, 'Error opening data file /usr/share/tessdata/jpn.traineddata Please make sure the TESSDATA_PREFIX environment variable is set to your "tessdata" directory. Failed loading language \'jpn\' Tesseract couldn\'t load any languages! Could not initialize tesseract.')
2026-05-16 11:27:51,540 [ERROR] OCR failed: (1, 'Error opening data file /usr/share/tessdata/jpn.traineddata Please make sure the TESSDATA_PREFIX environment variable is set to your "tessdata" directory. Failed loading language \'jpn\' Tesseract couldn\'t load any languages! Could not initialize tesseract.')
2026-05-16 11:27:53,609 [WARNING] Tesseract pre-warm failed: (1, 'Error opening data file /usr/share/tessdata/jpn.traineddata Please make sure the TESSDATA_PREFIX environment variable is set to your "tessdata" directory. Failed loading language \'jpn\' Tesseract couldn\'t load any languages! Could not initialize tesseract.')
2026-05-16 11:27:53,645 [ERROR] OCR failed: (1, 'Error opening data file /usr/share/tessdata/jpn.traineddata Please make sure the TESSDATA_PREFIX environment variable is set to your "tessdata" directory. Failed loading language \'jpn\' Tesseract couldn\'t load any languages! Could not initialize tesseract.')
2026-05-16 11:27:55,763 [WARNING] Tesseract pre-warm failed: (1, 'Error opening data file /usr/share/tessdata/jpn.traineddata Please make sure the TESSDATA_PREFIX environment variable is set to your "tessdata" directory. Failed loading language \'jpn\' Tesseract couldn\'t load any languages! Could not initialize tesseract.')
2026-05-16 11:27:55,799 [ERROR] OCR failed: (1, 'Error opening data file /usr/share/tessdata/jpn.traineddata Please make sure the TESSDATA_PREFIX environment variable is set to your "tessdata" directory. Failed loading language \'jpn\' Tesseract couldn\'t load any languages! Could not initialize tesseract.')
2026-05-16 11:27:59,609 [WARNING] Tesseract pre-warm failed: (1, 'Error opening data file /usr/share/tessdata/jpn.traineddata Please make sure the TESSDATA_PREFIX environment variable is set to your "tessdata" directory. Failed loading language \'jpn\' Tesseract couldn\'t load any languages! Could not initialize tesseract.')
2026-05-16 11:27:59,645 [ERROR] OCR failed: (1, 'Error opening data file /usr/share/tessdata/jpn.traineddata Please make sure the TESSDATA_PREFIX environment variable is set to your "tessdata" directory. Failed loading language \'jpn\' Tesseract couldn\'t load any languages! Could not initialize tesseract.')
2026-05-16 11:28:01,680 [WARNING] Tesseract pre-warm failed: (1, 'Error opening data file /usr/share/tessdata/jpn.traineddata Please make sure the TESSDATA_PREFIX environment variable is set to your "tessdata" directory. Failed loading language \'jpn\' Tesseract couldn\'t load any languages! Could not initialize tesseract.')
2026-05-16 11:28:01,697 [ERROR] OCR failed: (1, 'Error opening data file /usr/share/tessdata/jpn.traineddata Please make sure the TESSDATA_PREFIX environment variable is set to your "tessdata" directory. Failed loading language \'jpn\' Tesseract couldn\'t load any languages! Could not initialize tesseract.')
2026-05-16 11:28:03,733 [WARNING] Tesseract pre-warm failed: (1, 'Error opening data file /usr/share/tessdata/jpn.traineddata Please make sure the TESSDATA_PREFIX environment variable is set to your "tessdata" directory. Failed loading language \'jpn\' Tesseract couldn\'t load any languages! Could not initialize tesseract.')
2026-05-16 11:28:03,752 [ERROR] OCR failed: (1, 'Error opening data file /usr/share/tessdata/jpn.traineddata Please make sure the TESSDATA_PREFIX environment variable is set to your "tessdata" directory. Failed loading language \'jpn\' Tesseract couldn\'t load any languages! Could not initialize tesseract.')
2026-05-16 11:28:05,786 [WARNING] Tesseract pre-warm failed: (1, 'Error opening data file /usr/share/tessdata/jpn.traineddata Please make sure the TESSDATA_PREFIX environment variable is set to your "tessdata" directory. Failed loading language \'jpn\' Tesseract couldn\'t load any languages! Could not initialize tesseract.')
2026-05-16 11:28:05,802 [ERROR] OCR failed: (1, 'Error opening data file /usr/share/tessdata/jpn.traineddata Please make sure the TESSDATA_PREFIX environment variable is set to your "tessdata" directory. Failed loading language \'jpn\' Tesseract couldn\'t load any languages! Could not initialize tesseract.')
2026-05-16 11:28:07,842 [WARNING] Tesseract pre-warm failed: (1, 'Error opening data file /usr/share/tessdata/jpn.traineddata Please make sure the TESSDATA_PREFIX environment variable is set to your "tessdata" directory. Failed loading language \'jpn\' Tesseract couldn\'t load any languages! Could not initialize tesseract.')
2026-05-16 11:28:07,858 [ERROR] OCR failed: (1, 'Error opening data file /usr/share/tessdata/jpn.traineddata Please make sure the TESSDATA_PREFIX environment variable is set to your "tessdata" directory. Failed loading language \'jpn\' Tesseract couldn\'t load any languages! Could not initialize tesseract.')
2026-05-16 11:28:17,288 [WARNING] Tesseract pre-warm failed: (1, 'Error opening data file /usr/share/tessdata/jpn.traineddata Please make sure the TESSDATA_PREFIX environment variable is set to your "tessdata" directory. Failed loading language \'jpn\' Tesseract couldn\'t load any languages! Could not initialize tesseract.')
2026-05-16 11:28:17,307 [ERROR] OCR failed: (1, 'Error opening data file /usr/share/tessdata/jpn.traineddata Please make sure the TESSDATA_PREFIX environment variable is set to your "tessdata" directory. Failed loading language \'jpn\' Tesseract couldn\'t load any languages! Could not initialize tesseract.')
2026-05-16 11:28:19,342 [WARNING] Tesseract pre-warm failed: (1, 'Error opening data file /usr/share/tessdata/jpn.traineddata Please make sure the TESSDATA_PREFIX environment variable is set to your "tessdata" directory. Failed loading language \'jpn\' Tesseract couldn\'t load any languages! Could not initialize tesseract.')
2026-05-16 11:28:19,359 [ERROR] OCR failed: (1, 'Error opening data file /usr/share/tessdata/jpn.traineddata Please make sure the TESSDATA_PREFIX environment variable is set to your "tessdata" directory. Failed loading language \'jpn\' Tesseract couldn\'t load any languages! Could not initialize tesseract.')
2026-05-16 11:28:21,394 [WARNING] Tesseract pre-warm failed: (1, 'Error opening data file /usr/share/tessdata/jpn.traineddata Please make sure the TESSDATA_PREFIX environment variable is set to your "tessdata" directory. Failed loading language \'jpn\' Tesseract couldn\'t load any languages! Could not initialize tesseract.')
2026-05-16 11:28:21,409 [ERROR] OCR failed: (1, 'Error opening data file /usr/share/tessdata/jpn.traineddata Please make sure the TESSDATA_PREFIX environment variable is set to your "tessdata" directory. Failed loading language \'jpn\' Tesseract couldn\'t load any languages! Could not initialize tesseract.')
2026-05-16 11:28:23,447 [WARNING] Tesseract pre-warm failed: (1, 'Error opening data file /usr/share/tessdata/jpn.traineddata Please make sure the TESSDATA_PREFIX environment variable is set to your "tessdata" directory. Failed loading language \'jpn\' Tesseract couldn\'t load any languages! Could not initialize tesseract.')
2026-05-16 11:28:23,463 [ERROR] OCR failed: (1, 'Error opening data file /usr/share/tessdata/jpn.traineddata Please make sure the TESSDATA_PREFIX environment variable is set to your "tessdata" directory. Failed loading language \'jpn\' Tesseract couldn\'t load any languages! Could not initialize tesseract.')
2026-05-16 11:28:25,505 [WARNING] Tesseract pre-warm failed: (1, 'Error opening data file /usr/share/tessdata/jpn.traineddata Please make sure the TESSDATA_PREFIX environment variable is set to your "tessdata" directory. Failed loading language \'jpn\' Tesseract couldn\'t load any languages! Could not initialize tesseract.')
2026-05-16 11:28:25,521 [ERROR] OCR failed: (1, 'Error opening data file /usr/share/tessdata/jpn.traineddata Please make sure the TESSDATA_PREFIX environment variable is set to your "tessdata" directory. Failed loading language \'jpn\' Tesseract couldn\'t load any languages! Could not initialize tesseract.')
2026-05-16 11:28:27,555 [WARNING] Tesseract pre-warm failed: (1, 'Error opening data file /usr/share/tessdata/jpn.traineddata Please make sure the TESSDATA_PREFIX environment variable is set to your "tessdata" directory. Failed loading language \'jpn\' Tesseract couldn\'t load any languages! Could not initialize tesseract.')
2026-05-16 11:28:27,572 [ERROR] OCR failed: (1, 'Error opening data file /usr/share/tessdata/jpn.traineddata Please make sure the TESSDATA_PREFIX environment variable is set to your "tessdata" directory. Failed loading language \'jpn\' Tesseract couldn\'t load any languages! Could not initialize tesseract.')
2026-05-16 11:28:29,615 [WARNING] Tesseract pre-warm failed: (1, 'Error opening data file /usr/share/tessdata/jpn.traineddata Please make sure the TESSDATA_PREFIX environment variable is set to your "tessdata" directory. Failed loading language \'jpn\' Tesseract couldn\'t load any languages! Could not initialize tesseract.')
2026-05-16 11:28:29,631 [ERROR] OCR failed: (1, 'Error opening data file /usr/share/tessdata/jpn.traineddata Please make sure the TESSDATA_PREFIX environment variable is set to your "tessdata" directory. Failed loading language \'jpn\' Tesseract couldn\'t load any languages! Could not initialize tesseract.')
2026-05-16 11:28:31,664 [WARNING] Tesseract pre-warm failed: (1, 'Error opening data file /usr/share/tessdata/jpn.traineddata Please make sure the TESSDATA_PREFIX environment variable is set to your "tessdata" directory. Failed loading language \'jpn\' Tesseract couldn\'t load any languages! Could not initialize tesseract.')
2026-05-16 11:28:31,679 [ERROR] OCR failed: (1, 'Error opening data file /usr/share/tessdata/jpn.traineddata Please make sure the TESSDATA_PREFIX environment variable is set to your "tessdata" directory. Failed loading language \'jpn\' Tesseract couldn\'t load any languages! Could not initialize tesseract.')
2026-05-16 11:28:33,717 [WARNING] Tesseract pre-warm failed: (1, 'Error opening data file /usr/share/tessdata/jpn.traineddata Please make sure the TESSDATA_PREFIX environment variable is set to your "tessdata" directory. Failed loading language \'jpn\' Tesseract couldn\'t load any languages! Could not initialize tesseract.')
2026-05-16 11:28:33,731 [ERROR] OCR failed: (1, 'Error opening data file /usr/share/tessdata/jpn.traineddata Please make sure the TESSDATA_PREFIX environment variable is set to your "tessdata" directory. Failed loading language \'jpn\' Tesseract couldn\'t load any languages! Could not initialize tesseract.')
2026-05-16 11:28:35,772 [WARNING] Tesseract pre-warm failed: (1, 'Error opening data file /usr/share/tessdata/jpn.traineddata Please make sure the TESSDATA_PREFIX environment variable is set to your "tessdata" directory. Failed loading language \'jpn\' Tesseract couldn\'t load any languages! Could not initialize tesseract.')
2026-05-16 11:28:35,787 [ERROR] OCR failed: (1, 'Error opening data file /usr/share/tessdata/jpn.traineddata Please make sure the TESSDATA_PREFIX environment variable is set to your "tessdata" directory. Failed loading language \'jpn\' Tesseract couldn\'t load any languages! Could not initialize tesseract.')
2026-05-16 11:28:37,829 [WARNING] Tesseract pre-warm failed: (1, 'Error opening data file /usr/share/tessdata/jpn.traineddata Please make sure the TESSDATA_PREFIX environment variable is set to your "tessdata" directory. Failed loading language \'jpn\' Tesseract couldn\'t load any languages! Could not initialize tesseract.')
2026-05-16 11:28:37,847 [ERROR] OCR failed: (1, 'Error opening data file /usr/share/tessdata/jpn.traineddata Please make sure the TESSDATA_PREFIX environment variable is set to your "tessdata" directory. Failed loading language \'jpn\' Tesseract couldn\'t load any languages! Could not initialize tesseract.')
2026-05-16 11:28:39,879 [WARNING] Tesseract pre-warm failed: (1, 'Error opening data file /usr/share/tessdata/jpn.traineddata Please make sure the TESSDATA_PREFIX environment variable is set to your "tessdata" directory. Failed loading language \'jpn\' Tesseract couldn\'t load any languages! Could not initialize tesseract.')
2026-05-16 11:28:39,894 [ERROR] OCR failed: (1, 'Error opening data file /usr/share/tessdata/jpn.traineddata Please make sure the TESSDATA_PREFIX environment variable is set to your "tessdata" directory. Failed loading language \'jpn\' Tesseract couldn\'t load any languages! Could not initialize tesseract.')
2026-05-16 11:28:41,935 [WARNING] Tesseract pre-warm failed: (1, 'Error opening data file /usr/share/tessdata/jpn.traineddata Please make sure the TESSDATA_PREFIX environment variable is set to your "tessdata" directory. Failed loading language \'jpn\' Tesseract couldn\'t load any languages! Could not initialize tesseract.')
2026-05-16 11:28:41,953 [ERROR] OCR failed: (1, 'Error opening data file /usr/share/tessdata/jpn.traineddata Please make sure the TESSDATA_PREFIX environment variable is set to your "tessdata" directory. Failed loading language \'jpn\' Tesseract couldn\'t load any languages! Could not initialize tesseract.')
2026-05-16 11:28:43,989 [WARNING] Tesseract pre-warm failed: (1, 'Error opening data file /usr/share/tessdata/jpn.traineddata Please make sure the TESSDATA_PREFIX environment variable is set to your "tessdata" directory. Failed loading language \'jpn\' Tesseract couldn\'t load any languages! Could not initialize tesseract.')
2026-05-16 11:28:44,006 [ERROR] OCR failed: (1, 'Error opening data file /usr/share/tessdata/jpn.traineddata Please make sure the TESSDATA_PREFIX environment variable is set to your "tessdata" directory. Failed loading language \'jpn\' Tesseract couldn\'t load any languages! Could not initialize tesseract.')
2026-05-16 11:28:46,042 [WARNING] Tesseract pre-warm failed: (1, 'Error opening data file /usr/share/tessdata/jpn.traineddata Please make sure the TESSDATA_PREFIX environment variable is set to your "tessdata" directory. Failed loading language \'jpn\' Tesseract couldn\'t load any languages! Could not initialize tesseract.')
2026-05-16 11:28:46,057 [ERROR] OCR failed: (1, 'Error opening data file /usr/share/tessdata/jpn.traineddata Please make sure the TESSDATA_PREFIX environment variable is set to your "tessdata" directory. Failed loading language \'jpn\' Tesseract couldn\'t load any languages! Could not initialize tesseract.')
2026-05-16 11:28:48,095 [WARNING] Tesseract pre-warm failed: (1, 'Error opening data file /usr/share/tessdata/jpn.traineddata Please make sure the TESSDATA_PREFIX environment variable is set to your "tessdata" directory. Failed loading language \'jpn\' Tesseract couldn\'t load any languages! Could not initialize tesseract.')
2026-05-16 11:28:48,109 [ERROR] OCR failed: (1, 'Error opening data file /usr/share/tessdata/jpn.traineddata Please make sure the TESSDATA_PREFIX environment variable is set to your "tessdata" directory. Failed loading language \'jpn\' Tesseract couldn\'t load any languages! Could not initialize tesseract.')
2026-05-16 11:28:50,137 [WARNING] Tesseract pre-warm failed: (1, 'Error opening data file /usr/share/tessdata/jpn.traineddata Please make sure the TESSDATA_PREFIX environment variable is set to your "tessdata" directory. Failed loading language \'jpn\' Tesseract couldn\'t load any languages! Could not initialize tesseract.')
2026-05-16 11:28:50,151 [ERROR] OCR failed: (1, 'Error opening data file /usr/share/tessdata/jpn.traineddata Please make sure the TESSDATA_PREFIX environment variable is set to your "tessdata" directory. Failed loading language \'jpn\' Tesseract couldn\'t load any languages! Could not initialize tesseract.')
2026-05-16 11:28:52,191 [WARNING] Tesseract pre-warm failed: (1, 'Error opening data file /usr/share/tessdata/jpn.traineddata Please make sure the TESSDATA_PREFIX environment variable is set to your "tessdata" directory. Failed loading language \'jpn\' Tesseract couldn\'t load any languages! Could not initialize tesseract.')
2026-05-16 11:28:52,205 [ERROR] OCR failed: (1, 'Error opening data file /usr/share/tessdata/jpn.traineddata Please make sure the TESSDATA_PREFIX environment variable is set to your "tessdata" directory. Failed loading language \'jpn\' Tesseract couldn\'t load any languages! Could not initialize tesseract.')
2026-05-16 11:28:54,248 [WARNING] Tesseract pre-warm failed: (1, 'Error opening data file /usr/share/tessdata/jpn.traineddata Please make sure the TESSDATA_PREFIX environment variable is set to your "tessdata" directory. Failed loading language \'jpn\' Tesseract couldn\'t load any languages! Could not initialize tesseract.')
2026-05-16 11:28:54,263 [ERROR] OCR failed: (1, 'Error opening data file /usr/share/tessdata/jpn.traineddata Please make sure the TESSDATA_PREFIX environment variable is set to your "tessdata" directory. Failed loading language \'jpn\' Tesseract couldn\'t load any languages! Could not initialize tesseract.')
2026-05-16 11:28:56,306 [WARNING] Tesseract pre-warm failed: (1, 'Error opening data file /usr/share/tessdata/jpn.traineddata Please make sure the TESSDATA_PREFIX environment variable is set to your "tessdata" directory. Failed loading language \'jpn\' Tesseract couldn\'t load any languages! Could not initialize tesseract.')
2026-05-16 11:28:56,320 [ERROR] OCR failed: (1, 'Error opening data file /usr/share/tessdata/jpn.traineddata Please make sure the TESSDATA_PREFIX environment variable is set to your "tessdata" directory. Failed loading language \'jpn\' Tesseract couldn\'t load any languages! Could not initialize tesseract.')
2026-05-16 11:28:58,353 [WARNING] Tesseract pre-warm failed: (1, 'Error opening data file /usr/share/tessdata/jpn.traineddata Please make sure the TESSDATA_PREFIX environment variable is set to your "tessdata" directory. Failed loading language \'jpn\' Tesseract couldn\'t load any languages! Could not initialize tesseract.')
2026-05-16 11:28:58,371 [ERROR] OCR failed: (1, 'Error opening data file /usr/share/tessdata/jpn.traineddata Please make sure the TESSDATA_PREFIX environment variable is set to your "tessdata" directory. Failed loading language \'jpn\' Tesseract couldn\'t load any languages! Could not initialize tesseract.')
2026-05-16 11:29:00,412 [WARNING] Tesseract pre-warm failed: (1, 'Error opening data file /usr/share/tessdata/jpn.traineddata Please make sure the TESSDATA_PREFIX environment variable is set to your "tessdata" directory. Failed loading language \'jpn\' Tesseract couldn\'t load any languages! Could not initialize tesseract.')
2026-05-16 11:29:00,427 [ERROR] OCR failed: (1, 'Error opening data file /usr/share/tessdata/jpn.traineddata Please make sure the TESSDATA_PREFIX environment variable is set to your "tessdata" directory. Failed loading language \'jpn\' Tesseract couldn\'t load any languages! Could not initialize tesseract.')
2026-05-16 11:29:02,464 [WARNING] Tesseract pre-warm failed: (1, 'Error opening data file /usr/share/tessdata/jpn.traineddata Please make sure the TESSDATA_PREFIX environment variable is set to your "tessdata" directory. Failed loading language \'jpn\' Tesseract couldn\'t load any languages! Could not initialize tesseract.')
2026-05-16 11:29:02,482 [ERROR] OCR failed: (1, 'Error opening data file /usr/share/tessdata/jpn.traineddata Please make sure the TESSDATA_PREFIX environment variable is set to your "tessdata" directory. Failed loading language \'jpn\' Tesseract couldn\'t load any languages! Could not initialize tesseract.')
2026-05-16 11:29:04,517 [WARNING] Tesseract pre-warm failed: (1, 'Error opening data file /usr/share/tessdata/jpn.traineddata Please make sure the TESSDATA_PREFIX environment variable is set to your "tessdata" directory. Failed loading language \'jpn\' Tesseract couldn\'t load any languages! Could not initialize tesseract.')
2026-05-16 11:29:04,534 [ERROR] OCR failed: (1, 'Error opening data file /usr/share/tessdata/jpn.traineddata Please make sure the TESSDATA_PREFIX environment variable is set to your "tessdata" directory. Failed loading language \'jpn\' Tesseract couldn\'t load any languages! Could not initialize tesseract.')
2026-05-16 11:29:06,571 [WARNING] Tesseract pre-warm failed: (1, 'Error opening data file /usr/share/tessdata/jpn.traineddata Please make sure the TESSDATA_PREFIX environment variable is set to your "tessdata" directory. Failed loading language \'jpn\' Tesseract couldn\'t load any languages! Could not initialize tesseract.')
2026-05-16 11:29:06,587 [ERROR] OCR failed: (1, 'Error opening data file /usr/share/tessdata/jpn.traineddata Please make sure the TESSDATA_PREFIX environment variable is set to your "tessdata" directory. Failed loading language \'jpn\' Tesseract couldn\'t load any languages! Could not initialize tesseract.')
2026-05-16 11:29:08,624 [WARNING] Tesseract pre-warm failed: (1, 'Error opening data file /usr/share/tessdata/jpn.traineddata Please make sure the TESSDATA_PREFIX environment variable is set to your "tessdata" directory. Failed loading language \'jpn\' Tesseract couldn\'t load any languages! Could not initialize tesseract.')
2026-05-16 11:29:08,640 [ERROR] OCR failed: (1, 'Error opening data file /usr/share/tessdata/jpn.traineddata Please make sure the TESSDATA_PREFIX environment variable is set to your "tessdata" directory. Failed loading language \'jpn\' Tesseract couldn\'t load any languages! Could not initialize tesseract.')
2026-05-16 11:29:10,679 [WARNING] Tesseract pre-warm failed: (1, 'Error opening data file /usr/share/tessdata/jpn.traineddata Please make sure the TESSDATA_PREFIX environment variable is set to your "tessdata" directory. Failed loading language \'jpn\' Tesseract couldn\'t load any languages! Could not initialize tesseract.')
2026-05-16 11:29:10,693 [ERROR] OCR failed: (1, 'Error opening data file /usr/share/tessdata/jpn.traineddata Please make sure the TESSDATA_PREFIX environment variable is set to your "tessdata" directory. Failed loading language \'jpn\' Tesseract couldn\'t load any languages! Could not initialize tesseract.')
2026-05-16 11:29:41,349 [INFO] Mining: zh->en
2026-05-16 11:29:41,349 [INFO] Select text region...
2026-05-16 11:29:41,357 [INFO] Notification: [Mining] Select text region...
2026-05-16 11:29:42,906 [INFO] Captured region: 635,550 104x112
2026-05-16 11:29:42,906 [INFO] OCRing region: 635,550 104x112
2026-05-16 11:29:43,426 [INFO] Tesseract pre-warmed (chi_sim)
2026-05-16 11:29:43,957 [INFO] OCR result: 生 日 : 索 拉 等 级 : 联 觉 等 级 :
2026-05-16 11:29:45,105 [INFO] Translation: Birthday: Sora Level: Synesthesia Level:
2026-05-16 11:29:45,412 [INFO] Notification: [Sentence Captured] Text: 生 日 : 索 拉 等 级 : 联 觉 等 级 :
Pinyin: 生 日 : 索 拉 等 级 : 联 觉 等 级 :
sheng1   ri4  
2026-05-16 11:29:45,479 [INFO] Copied to clipboard: 生 日 : 索 拉 等 级 : 联 觉 等 级 :
2026-05-16 11:29:45,479 [INFO] Recording 5s audio...
2026-05-16 11:29:45,495 [INFO] Notification: [Mining] Recording 5s audio...
2026-05-16 11:29:45,546 [INFO] Recording audio from: alsa_output.pci-0000_01_00.1.hdmi-stereo.monitor
2026-05-16 11:29:50,831 [INFO] Audio recording: success
2026-05-16 11:29:50,838 [INFO] Notification: [Sentence Mined] Text: 生 日 : 索 拉 等 级 : 联 觉 等 级 :
Translation: Birthday: Sora Level: Synesthesia L
2026-05-16 11:29:50,838 [INFO] Mining complete: /home/mastroni/miner-v2/mining/20260516_112941
2026-05-16 11:30:32,918 [INFO] Mining: zh->en
2026-05-16 11:30:32,918 [INFO] Select text region...
2026-05-16 11:30:32,928 [INFO] Notification: [Mining] Select text region...
2026-05-16 11:30:34,311 [INFO] Captured region: 1350,581 174x44
2026-05-16 11:30:34,311 [INFO] OCRing region: 1350,581 174x44
2026-05-16 11:30:34,839 [INFO] Tesseract pre-warmed (chi_sim)
2026-05-16 11:30:35,368 [INFO] OCR result: 智 未 展 示 共 鸢 者
2026-05-16 11:30:36,743 [INFO] Translation: Those who share the kite without wisdom
2026-05-16 11:30:36,915 [INFO] Notification: [Sentence Captured] Text: 智 未 展 示 共 鸢 者
Pinyin: 智 未 展 示 共 鸢 者
zhi4   wei4   zhan3   shi4   gong4   y
2026-05-16 11:30:36,948 [INFO] Copied to clipboard: 智 未 展 示 共 鸢 者
2026-05-16 11:30:36,948 [INFO] Recording 5s audio...
2026-05-16 11:30:36,956 [INFO] Notification: [Mining] Recording 5s audio...
2026-05-16 11:30:36,965 [INFO] Recording audio from: alsa_output.pci-0000_01_00.1.hdmi-stereo.monitor
2026-05-16 11:30:42,206 [INFO] Audio recording: success
2026-05-16 11:30:42,216 [INFO] Notification: [Sentence Mined] Text: 智 未 展 示 共 鸢 者
Translation: Those who share the kite without wisdom
Audio: 
2026-05-16 11:30:42,216 [INFO] Mining complete: /home/mastroni/miner-v2/mining/20260516_113032
2026-05-16 11:31:17,330 [INFO] Mining: zh->en
2026-05-16 11:31:17,330 [INFO] Select text region...
2026-05-16 11:31:17,338 [INFO] Notification: [Mining] Select text region...
2026-05-16 11:31:19,156 [INFO] Captured region: 1145,780 85x99
2026-05-16 11:31:19,156 [INFO] OCRing region: 1145,780 85x99
2026-05-16 11:31:19,654 [INFO] Tesseract pre-warmed (chi_sim)
2026-05-16 11:31:20,158 [INFO] OCR result: 牢 月 宣 拉 等 级 : 联 觉 等 红 :
2026-05-16 11:31:21,006 [INFO] Translation: Lao Yue Xuan La Level: Lianjue, etc. Red:
2026-05-16 11:31:21,168 [INFO] Notification: [Sentence Captured] Text: 牢 月 宣 拉 等 级 : 联 觉 等 红 :
Pinyin: 牢 月 宣 拉 等 级 : 联 觉 等 红 :
lao2   yue4   xuan
2026-05-16 11:31:21,202 [INFO] Copied to clipboard: 牢 月 宣 拉 等 级 : 联 觉 等 红 :
2026-05-16 11:31:21,203 [INFO] Recording 5s audio...
2026-05-16 11:31:21,208 [INFO] Notification: [Mining] Recording 5s audio...
2026-05-16 11:31:21,217 [INFO] Recording audio from: alsa_output.pci-0000_01_00.1.hdmi-stereo.monitor
2026-05-16 11:31:26,459 [INFO] Audio recording: success
2026-05-16 11:31:26,467 [INFO] Notification: [Sentence Mined] Text: 牢 月 宣 拉 等 级 : 联 觉 等 红 :
Translation: Lao Yue Xuan La Level: Lianjue, etc. 
2026-05-16 11:31:26,467 [INFO] Mining complete: /home/mastroni/miner-v2/mining/20260516_113117
2026-05-16 11:31:43,812 [INFO] Notification: [Miner Test] Notifications are working!
2026-05-16 11:31:43,848 [INFO] Copied to clipboard: Test from miner-v2
2026-05-16 11:31:44,372 [INFO] Tesseract pre-warmed (eng)
2026-05-16 11:33:21,196 [INFO] Mining: ja->en
2026-05-16 11:33:21,197 [INFO] Select text region...
2026-05-16 11:33:21,204 [INFO] Notification: [Mining] Select text region...
2026-05-16 11:33:23,203 [INFO] Captured region: 1075,931 135x36
2026-05-16 11:33:23,203 [INFO] OCRing region: 1075,931 135x36
2026-05-16 11:33:23,227 [WARNING] Tesseract pre-warm failed: (1, 'Error opening data file /usr/share/tessdata/jpn.traineddata Please make sure the TESSDATA_PREFIX environment variable is set to your "tessdata" directory. Failed loading language \'jpn\' Tesseract couldn\'t load any languages! Could not initialize tesseract.')
2026-05-16 11:33:23,241 [ERROR] OCR failed: (1, 'Error opening data file /usr/share/tessdata/jpn.traineddata Please make sure the TESSDATA_PREFIX environment variable is set to your "tessdata" directory. Failed loading language \'jpn\' Tesseract couldn\'t load any languages! Could not initialize tesseract.')
2026-05-16 11:33:23,248 [INFO] Notification: [Mining] No text detected
2026-05-16 11:33:29,644 [INFO] Mining: ja->en
2026-05-16 11:33:29,644 [INFO] Select text region...
2026-05-16 11:33:29,652 [INFO] Notification: [Mining] Select text region...
2026-05-16 11:33:31,233 [INFO] Captured region: 1082,922 134x50
2026-05-16 11:33:31,233 [INFO] OCRing region: 1082,922 134x50
2026-05-16 11:33:31,255 [WARNING] Tesseract pre-warm failed: (1, 'Error opening data file /usr/share/tessdata/jpn.traineddata Please make sure the TESSDATA_PREFIX environment variable is set to your "tessdata" directory. Failed loading language \'jpn\' Tesseract couldn\'t load any languages! Could not initialize tesseract.')
2026-05-16 11:33:31,282 [ERROR] OCR failed: (1, 'Error opening data file /usr/share/tessdata/jpn.traineddata Please make sure the TESSDATA_PREFIX environment variable is set to your "tessdata" directory. Failed loading language \'jpn\' Tesseract couldn\'t load any languages! Could not initialize tesseract.')
2026-05-16 11:33:31,289 [INFO] Notification: [Mining] No text detected
2026-05-16 11:33:37,833 [INFO] Mining: zh->en
2026-05-16 11:33:37,833 [INFO] Select text region...
2026-05-16 11:33:37,840 [INFO] Notification: [Mining] Select text region...
2026-05-16 11:33:40,008 [INFO] Captured region: 1688,531 158x44
2026-05-16 11:33:40,008 [INFO] OCRing region: 1688,531 158x44
2026-05-16 11:33:40,513 [INFO] Tesseract pre-warmed (chi_sim)
2026-05-16 11:33:41,531 [INFO] Notification: [Mining] No text detected
2026-05-16 11:33:50,325 [INFO] Mining: zh->en
2026-05-16 11:33:50,325 [INFO] Select text region...
2026-05-16 11:33:50,332 [INFO] Notification: [Mining] Select text region...
2026-05-16 11:33:53,263 [INFO] Captured region: 1344,700 437x50
2026-05-16 11:33:53,263 [INFO] OCRing region: 1344,700 437x50
2026-05-16 11:33:53,820 [INFO] Tesseract pre-warmed (chi_sim)
2026-05-16 11:33:54,327 [INFO] OCR result: 郎 箱 绑 定 任 务 教 程 百 科
2026-05-16 11:33:55,521 [INFO] Translation: Langxiang Binding Task Tutorial Encyclopedia
2026-05-16 11:33:55,699 [INFO] Notification: [Sentence Captured] Text: 郎 箱 绑 定 任 务 教 程 百 科
Pinyin: 郎 箱 绑 定 任 务 教 程 百 科
lang2   xiang1   bang3   d
2026-05-16 11:33:55,734 [INFO] Copied to clipboard: 郎 箱 绑 定 任 务 教 程 百 科
2026-05-16 11:33:55,734 [INFO] Recording 5s audio...
2026-05-16 11:33:55,741 [INFO] Notification: [Mining] Recording 5s audio...
2026-05-16 11:33:55,750 [INFO] Recording audio from: alsa_output.pci-0000_01_00.1.hdmi-stereo.monitor
2026-05-16 11:34:01,026 [INFO] Audio recording: success
2026-05-16 11:34:01,034 [INFO] Notification: [Sentence Mined] Text: 郎 箱 绑 定 任 务 教 程 百 科
Translation: Langxiang Binding Task Tutorial Encyclope
2026-05-16 11:34:01,035 [INFO] Mining complete: /home/mastroni/miner-v2/mining/20260516_113350
2026-05-16 11:35:31,091 [INFO] Mining: zh->en
2026-05-16 11:35:31,099 [INFO] Select text region...
2026-05-16 11:35:31,106 [INFO] Notification: [Mining] Select text region...
2026-05-16 11:35:33,402 [INFO] Captured region: 1346,710 428x35
2026-05-16 11:35:33,402 [INFO] OCRing region: 1346,710 428x35
2026-05-16 11:35:33,984 [INFO] Tesseract pre-warmed (chi_sim)
2026-05-16 11:35:34,504 [INFO] OCR result: 共 鸣 者 合 成 成 就
2026-05-16 11:35:34,882 [INFO] Translation: Resonators synthesize achievements
2026-05-16 11:35:35,076 [INFO] Notification: [Sentence Captured] Text: 共 鸣 者 合 成 成 就
Pinyin: gong4   ming2   zhe3   he2   cheng2   cheng2   jiu4

2026-05-16 11:35:35,132 [INFO] Copied to clipboard: 共 鸣 者 合 成 成 就
2026-05-16 11:35:35,132 [INFO] Recording 15s audio...
2026-05-16 11:35:35,146 [INFO] Notification: [Mining] Recording 15s audio...
2026-05-16 11:35:35,160 [INFO] Recording audio from: alsa_output.pci-0000_01_00.1.hdmi-stereo.monitor
2026-05-16 11:35:50,494 [INFO] Audio recording: success
2026-05-16 11:35:50,503 [INFO] Notification: [Sentence Mined] Text: 共 鸣 者 合 成 成 就
Translation: Resonators synthesize achievements
Audio: Yes
S
2026-05-16 11:35:50,503 [INFO] Mining complete: /home/mastroni/miner-v2/mining/20260516_113531
2026-05-16 11:36:05,958 [INFO] Notification: [Miner Test] Notifications are working!
2026-05-16 11:36:05,991 [INFO] Copied to clipboard: Test from miner-v2
2026-05-16 11:36:06,594 [INFO] Tesseract pre-warmed (eng)
